  GSCredit.cpp
C:\Program Files (x86)\Microsoft Visual Studio\2019\Community\VC\Tools\MSVC\14.24.28314\include\xmemory(204,33): warning C4244: 'argument': conversion from '_Ty' to 'float', possible loss of data
          with
          [
              _Ty=double
          ]
C:\Program Files (x86)\Microsoft Visual Studio\2019\Community\VC\Tools\MSVC\14.24.28314\include\memory(1491): message : see reference to function template instantiation 'void std::_Construct_in_place<_Ty,std::shared_ptr<Shader>&,std::shared_ptr<Font>&,const char(&)[23],TextColor,double>(_Ty &,std::shared_ptr<Shader> &,std::shared_ptr<Font> &,const char (&)[23],TextColor &&,double &&) noexcept(false)' being compiled
          with
          [
              _Ty=Text
          ]
C:\Program Files (x86)\Microsoft Visual Studio\2019\Community\VC\Tools\MSVC\14.24.28314\include\memory(1591): message : see reference to function template instantiation 'std::_Ref_count_obj2<_Ty>::_Ref_count_obj2<std::shared_ptr<Shader>&,std::shared_ptr<Font>&,const char(&)[23],TextColor,double>(std::shared_ptr<Shader> &,std::shared_ptr<Font> &,const char (&)[23],TextColor &&,double &&)' being compiled
          with
          [
              _Ty=Text
          ]
C:\Program Files (x86)\Microsoft Visual Studio\2019\Community\VC\Tools\MSVC\14.24.28314\include\memory(1591): message : see reference to function template instantiation 'std::_Ref_count_obj2<_Ty>::_Ref_count_obj2<std::shared_ptr<Shader>&,std::shared_ptr<Font>&,const char(&)[23],TextColor,double>(std::shared_ptr<Shader> &,std::shared_ptr<Font> &,const char (&)[23],TextColor &&,double &&)' being compiled
          with
          [
              _Ty=Text
          ]
C:\Users\User\Downloads\MiniGameStarter\TrainingFramework\src\GameStates\GSCredit.cpp(51): message : see reference to function template instantiation 'std::shared_ptr<Text> std::make_shared<Text,std::shared_ptr<Shader>&,std::shared_ptr<Font>&,const char(&)[23],TextColor,double>(std::shared_ptr<Shader> &,std::shared_ptr<Font> &,const char (&)[23],TextColor &&,double &&)' being compiled
  TrainingFramework.vcxproj -> C:\Users\User\Downloads\MiniGameStarter\\BIN-Nvidia\TrainingFramework.exe
